<?xml version="1.0" encoding="UTF-8"?>
<!-- Generated by org.testng.reporters.JUnitReportReporter -->
<testsuite hostname="LAPTOP-S0IS0QVR" failures="0" tests="1" name="HighlevelBases.Frames" time="0.493" errors="0" timestamp="2020-09-14T17:39:23 IST" skipped="0">
  <testcase classname="HighlevelBases.Frames" name="clickable" time="0.493"/>
  <system-out/>
</testsuite> <!-- HighlevelBases.Frames -->
