<?xml version="1.0" encoding="UTF-8"?>
<!-- Generated by org.testng.reporters.JUnitReportReporter -->
<testsuite hostname="LAPTOP-S0IS0QVR" failures="0" tests="1" name="QAclass.Information_options" time="0.273" errors="0" timestamp="2020-08-28T18:50:26 IST" skipped="0">
  <testcase classname="QAclass.Information_options" name="options" time="0.273"/>
  <system-out/>
</testsuite> <!-- QAclass.Information_options -->
