<?xml version="1.0" encoding="UTF-8"?>
<!-- Generated by org.testng.reporters.JUnitReportReporter -->
<testsuite hostname="LAPTOP-S0IS0QVR" failures="0" tests="1" name="QAclass.Alerts" time="6.184" errors="0" timestamp="2020-09-17T10:45:17 IST" skipped="0">
  <testcase classname="QAclass.Alerts" name="alerts" time="6.184"/>
  <system-out/>
</testsuite> <!-- QAclass.Alerts -->
