<?xml version="1.0" encoding="UTF-8"?>
<!-- Generated by org.testng.reporters.JUnitReportReporter -->
<testsuite hostname="LAPTOP-S0IS0QVR" failures="0" tests="1" name="QAclass.INR_optionsvalidation" time="0.236" errors="0" timestamp="2020-09-03T08:42:01 IST" skipped="0">
  <testcase classname="QAclass.INR_optionsvalidation" name="options" time="0.236"/>
  <system-out/>
</testsuite> <!-- QAclass.INR_optionsvalidation -->
