<?xml version="1.0" encoding="UTF-8"?>
<!-- Generated by org.testng.reporters.JUnitReportReporter -->
<testsuite hostname="LAPTOP-S0IS0QVR" failures="0" tests="1" name="QAclass.Autoit" time="0.109" errors="0" timestamp="2020-09-03T08:21:35 IST" skipped="0">
  <testcase classname="QAclass.Autoit" name="fun" time="0.109"/>
  <system-out/>
</testsuite> <!-- QAclass.Autoit -->
