<?xml version="1.0" encoding="UTF-8"?>
<!-- Generated by org.testng.reporters.JUnitReportReporter -->
<testsuite hostname="LAPTOP-S0IS0QVR" failures="0" tests="1" name="Grid.Cross" time="5.404" errors="0" timestamp="2020-09-17T10:45:17 IST" skipped="0">
  <testcase classname="Grid.Cross" name="VerifyTitlepage" time="5.404"/>
  <system-out/>
</testsuite> <!-- Grid.Cross -->
