<?xml version="1.0" encoding="UTF-8"?>
<!-- Generated by org.testng.reporters.JUnitReportReporter -->
<testsuite hostname="LAPTOP-S0IS0QVR" failures="0" tests="1" name="QAclass.Boolean_Oneway" time="0.275" errors="0" timestamp="2020-08-29T12:15:17 IST" skipped="0">
  <testcase classname="QAclass.Boolean_Oneway" name="options" time="0.275"/>
  <system-out/>
</testsuite> <!-- QAclass.Boolean_Oneway -->
