<?xml version="1.0" encoding="UTF-8"?>
<!-- Generated by org.testng.reporters.JUnitReportReporter -->
<testsuite hostname="LAPTOP-S0IS0QVR" failures="0" tests="1" name="QAclass.Validation" time="0.216" errors="0" timestamp="2020-08-29T12:39:18 IST" skipped="0">
  <testcase classname="QAclass.Validation" name="valid" time="0.216"/>
  <system-out/>
</testsuite> <!-- QAclass.Validation -->
