<?xml version="1.0" encoding="UTF-8"?>
<!-- Generated by org.testng.reporters.JUnitReportReporter -->
<testsuite hostname="LAPTOP-S0IS0QVR" failures="0" tests="1" name="QAclass.Popupwindows" time="28.023" errors="0" timestamp="2020-08-28T18:45:52 IST" skipped="0">
  <testcase classname="QAclass.Popupwindows" name="mouseover" time="28.023"/>
  <system-out/>
</testsuite> <!-- QAclass.Popupwindows -->
