<?xml version="1.0" encoding="UTF-8"?>
<!-- Generated by org.testng.reporters.JUnitReportReporter -->
<testsuite hostname="LAPTOP-S0IS0QVR" failures="0" tests="1" name="HighlevelBases.DataDriven" time="11.600" errors="0" timestamp="2020-09-15T08:43:26 IST" skipped="0">
  <testcase classname="HighlevelBases.DataDriven" name="data" time="11.600"/>
  <system-out/>
</testsuite> <!-- HighlevelBases.DataDriven -->
