<?xml version="1.0" encoding="UTF-8"?>
<!-- Generated by org.testng.reporters.JUnitReportReporter -->
<testsuite hostname="LAPTOP-S0IS0QVR" failures="0" tests="1" name="HighlevelBases.PrintLinks" time="0.193" errors="0" timestamp="2020-09-09T07:17:15 IST" skipped="0">
  <testcase classname="HighlevelBases.PrintLinks" name="clickable" time="0.193"/>
  <system-out/>
</testsuite> <!-- HighlevelBases.PrintLinks -->
