<?xml version="1.0" encoding="UTF-8"?>
<!-- Generated by org.testng.reporters.JUnitReportReporter -->
<testsuite hostname="LAPTOP-S0IS0QVR" failures="0" tests="1" name="QAclass.PrintAll_options" time="0.223" errors="0" timestamp="2020-09-03T08:45:02 IST" skipped="0">
  <testcase classname="QAclass.PrintAll_options" name="options" time="0.223"/>
  <system-out/>
</testsuite> <!-- QAclass.PrintAll_options -->
