<?xml version="1.0" encoding="UTF-8"?>
<!-- Generated by org.testng.reporters.JUnitReportReporter -->
<testsuite hostname="LAPTOP-S0IS0QVR" failures="0" tests="1" name="HighlevelBases.Printalllinksconcept" time="3.421" errors="0" timestamp="2020-09-09T07:32:41 IST" skipped="0">
  <testcase classname="HighlevelBases.Printalllinksconcept" name="clickable" time="3.421"/>
  <system-out/>
</testsuite> <!-- HighlevelBases.Printalllinksconcept -->
